Построение начато 17.07.2016 18:08:21.
     1>Проект "D:\dev\utils\c++\AddKazInput\AddKazInput\AddKazInput.vcxproj" в узле 2 (целевые объекты build).
     1>InitializeBuildStatus:
         Создание "Debug\AddKazInput.unsuccessfulbuild", так как было задано "AlwaysCreate".
       ClCompile:
         D:\bin\Microsoft Visual Studio 10.0\VC\bin\CL.exe /c /ZI /nologo /W3 /WX- /Od /Oy- /D WIN32 /D _DEBUG /D _CONSOLE /D _UNICODE /D UNICODE /Gm /EHsc /RTC1 /MDd /GS /fp:precise /Zc:wchar_t /Zc:forScope /Fo"Debug\\" /Fd"Debug\vc100.pdb" /Gd /TP /analyze- /errorReport:prompt main.cpp
         main.cpp
       ManifestResourceCompile:
         Для всех выходных данных обновления не требуется.
       Link:
         D:\bin\Microsoft Visual Studio 10.0\VC\bin\link.exe /ERRORREPORT:PROMPT /OUT:"D:\dev\utils\c++\AddKazInput\AddKazInput\Debug\AddKazInput.exe" /INCREMENTAL /NOLOGO kernel32.lib user32.lib gdi32.lib winspool.lib comdlg32.lib advapi32.lib shell32.lib ole32.lib oleaut32.lib uuid.lib odbc32.lib odbccp32.lib /MANIFEST /ManifestFile:"Debug\AddKazInput.exe.intermediate.manifest" /MANIFESTUAC:"level='asInvoker' uiAccess='false'" /DEBUG /PDB:"D:\dev\utils\c++\AddKazInput\AddKazInput\Debug\AddKazInput.pdb" /SUBSYSTEM:WINDOWS /TLBID:1 /DYNAMICBASE /NXCOMPAT /IMPLIB:"D:\dev\utils\c++\AddKazInput\AddKazInput\Debug\AddKazInput.lib" /MACHINE:X86 Debug\AddKazInput.exe.embed.manifest.res
         Debug\main.obj
       Manifest:
         C:\Program Files (x86)\Microsoft SDKs\Windows\v7.0A\bin\mt.exe /nologo /verbose /out:"Debug\AddKazInput.exe.embed.manifest" /manifest Debug\AddKazInput.exe.intermediate.manifest
         Для всех выходных данных обновления не требуется.
       LinkEmbedManifest:
         Для всех выходных данных обновления не требуется.
         AddKazInput.vcxproj -> D:\dev\utils\c++\AddKazInput\AddKazInput\Debug\AddKazInput.exe
       FinalizeBuildStatus:
         Файл "Debug\AddKazInput.unsuccessfulbuild" удаляется.
         Обращение к "Debug\AddKazInput.lastbuildstate".
     1>Построение проекта "D:\dev\utils\c++\AddKazInput\AddKazInput\AddKazInput.vcxproj" завершено (целевые объекты build).

Построение успешно завершено.

Затраченное время: 00:00:01.09
